-------------------------------------------------------------------------------
Test set: allure
-------------------------------------------------------------------------------
Tests run: 2, Failures: 1, Errors: 0, Skipped: 0, Time elapsed: 10.266 s <<< FAILURE! - in allure
testForSum(allure)  Time elapsed: 0.046 s  <<< FAILURE!
java.lang.AssertionError: Ð¡ÑƒÐ¼Ð¼Ð° Ñ?Ð»Ð°Ð³Ð°ÐµÐ¼Ñ‹Ñ… Ð½Ðµ Ñ?Ð¾Ð¾Ñ‚Ð²ÐµÑ‚Ñ?Ñ‚Ð²ÑƒÐµÑ‚ Ð¾Ð¶Ð¸Ð´Ð°ÐµÐ¼Ð¾Ð¼Ñƒ Ð·Ð½Ð°Ñ‡ÐµÐ½Ð¸ÑŽ did not expect to find [true] but found [false]
	at allure.checkSumStep(allure.java:22)
	at allure.testForSum(allure.java:18)

