<?xml version="1.0" encoding="UTF-8"?>
<testsuite xmlns:xsi="http://www.w3.org/2001/XMLSchema-instance" xsi:noNamespaceSchemaLocation="https://maven.apache.org/surefire/maven-surefire-plugin/xsd/surefire-test-report.xsd" name="allure" time="10.266" tests="2" errors="0" skipped="0" failures="1">
  <properties>
[...]
</properties>
  <testcase name="mobileDriver" classname="allure" time="7.814"/>
  <testcase name="testForSum" classname="allure" time="0.046">
    <failure message="Ð¡ÑƒÐ¼Ð¼Ð° Ñ�Ð»Ð°Ð³Ð°ÐµÐ¼Ñ‹Ñ… Ð½Ðµ Ñ�Ð¾Ð¾Ñ‚Ð²ÐµÑ‚Ñ�Ñ‚Ð²ÑƒÐµÑ‚ Ð¾Ð¶Ð¸Ð´Ð°ÐµÐ¼Ð¾Ð¼Ñƒ Ð·Ð½Ð°Ñ‡ÐµÐ½Ð¸ÑŽ did not expect to find [true] but found [false]" type="java.lang.AssertionError">java.lang.AssertionError: Ð¡ÑƒÐ¼Ð¼Ð° Ñ�Ð»Ð°Ð³Ð°ÐµÐ¼Ñ‹Ñ… Ð½Ðµ Ñ�Ð¾Ð¾Ñ‚Ð²ÐµÑ‚Ñ�Ñ‚Ð²ÑƒÐµÑ‚ Ð¾Ð¶Ð¸Ð´Ð°ÐµÐ¼Ð¾Ð¼Ñƒ Ð·Ð½Ð°Ñ‡ÐµÐ½Ð¸ÑŽ did not expect to find [true] but found [false]
	at allure.checkSumStep(allure.java:22)
	at allure.testForSum(allure.java:18)
</failure>
  </testcase>
</testsuite>